生成启动时间为 2017/5/21 星期日 上午 11:08:30。
     1>项目“C:\Users\Administrator\documents\visual studio 2013\Projects\easy\easy\easy.vcxproj”在节点 2 上(Build 个目标)。
     1>ClCompile:
         C:\Program Files (x86)\Microsoft Visual Studio 12.0\VC\bin\CL.exe /c /ZI /nologo /W3 /WX- /Od /Oy- /D WIN32 /D _DEBUG /D _WINDOWS /D _MBCS /Gm /EHsc /RTC1 /MDd /GS /fp:precise /Zc:wchar_t /Zc:forScope /Fo"Debug\\" /Fd"Debug\vc120.pdb" /Gd /TP /analyze- /errorReport:prompt main.cpp
         main.cpp
     1>c:\users\administrator\documents\visual studio 2013\projects\easy\easy\myhotel.h(19): warning C4996: 'strcpy': This function or variable may be unsafe. Consider using strcpy_s instead. To disable deprecation, use _CRT_SECURE_NO_WARNINGS. See online help for details.
                 c:\program files (x86)\microsoft visual studio 12.0\vc\include\string.h(112) : 参见“strcpy”的声明
     1>c:\users\administrator\documents\visual studio 2013\projects\easy\easy\myhotel.h(20): warning C4244: “=”: 从“float”转换到“int”，可能丢失数据
     1>c:\users\administrator\documents\visual studio 2013\projects\easy\easy\myhotel.h(24): warning C4996: 'strcpy': This function or variable may be unsafe. Consider using strcpy_s instead. To disable deprecation, use _CRT_SECURE_NO_WARNINGS. See online help for details.
                 c:\program files (x86)\microsoft visual studio 12.0\vc\include\string.h(112) : 参见“strcpy”的声明
     1>c:\users\administrator\documents\visual studio 2013\projects\easy\easy\main.cpp(188): warning C4804: “>”: 在操作中使用类型“bool”不安全
     1>c:\users\administrator\documents\visual studio 2013\projects\easy\easy\main.cpp(285): warning C4996: 'strcpy': This function or variable may be unsafe. Consider using strcpy_s instead. To disable deprecation, use _CRT_SECURE_NO_WARNINGS. See online help for details.
                 c:\program files (x86)\microsoft visual studio 12.0\vc\include\string.h(112) : 参见“strcpy”的声明
     1>c:\users\administrator\documents\visual studio 2013\projects\easy\easy\main.cpp(286): warning C4996: 'strcpy': This function or variable may be unsafe. Consider using strcpy_s instead. To disable deprecation, use _CRT_SECURE_NO_WARNINGS. See online help for details.
                 c:\program files (x86)\microsoft visual studio 12.0\vc\include\string.h(112) : 参见“strcpy”的声明
     1>c:\users\administrator\documents\visual studio 2013\projects\easy\easy\main.cpp(287): warning C4996: 'strcpy': This function or variable may be unsafe. Consider using strcpy_s instead. To disable deprecation, use _CRT_SECURE_NO_WARNINGS. See online help for details.
                 c:\program files (x86)\microsoft visual studio 12.0\vc\include\string.h(112) : 参见“strcpy”的声明
     1>c:\users\administrator\documents\visual studio 2013\projects\easy\easy\main.cpp(334): warning C4804: “>”: 在操作中使用类型“bool”不安全
     1>c:\users\administrator\documents\visual studio 2013\projects\easy\easy\main.cpp(352): warning C4996: 'strcpy': This function or variable may be unsafe. Consider using strcpy_s instead. To disable deprecation, use _CRT_SECURE_NO_WARNINGS. See online help for details.
                 c:\program files (x86)\microsoft visual studio 12.0\vc\include\string.h(112) : 参见“strcpy”的声明
     1>c:\users\administrator\documents\visual studio 2013\projects\easy\easy\mycontrol.h(86): warning C4996: 'sscanf': This function or variable may be unsafe. Consider using sscanf_s instead. To disable deprecation, use _CRT_SECURE_NO_WARNINGS. See online help for details.
                 c:\program files (x86)\microsoft visual studio 12.0\vc\include\stdio.h(304) : 参见“sscanf”的声明
                 c:\users\administrator\documents\visual studio 2013\projects\easy\easy\main.cpp(169): 参见对正在编译的函数 模板 实例化“T &InputBoxS<int>(T &,char *,char *,char *,int)”的引用
                 with
                 [
                     T=int
                 ]
       Link:
         C:\Program Files (x86)\Microsoft Visual Studio 12.0\VC\bin\link.exe /ERRORREPORT:PROMPT /OUT:"C:\Users\Administrator\documents\visual studio 2013\Projects\easy\Debug\easy.exe" /INCREMENTAL /NOLOGO kernel32.lib user32.lib gdi32.lib winspool.lib comdlg32.lib advapi32.lib shell32.lib ole32.lib oleaut32.lib uuid.lib odbc32.lib odbccp32.lib /MANIFEST /MANIFESTUAC:"level='asInvoker' uiAccess='false'" /manifest:embed /DEBUG /PDB:"C:\Users\Administrator\documents\visual studio 2013\Projects\easy\Debug\easy.pdb" /SUBSYSTEM:CONSOLE /TLBID:1 /DYNAMICBASE /NXCOMPAT /IMPLIB:"C:\Users\Administrator\documents\visual studio 2013\Projects\easy\Debug\easy.lib" /MACHINE:X86 Debug\main.obj
         Debug\MyControl.obj
         Debug\MyHotel.obj
         easy.vcxproj -> C:\Users\Administrator\documents\visual studio 2013\Projects\easy\Debug\easy.exe
     1>已完成生成项目“C:\Users\Administrator\documents\visual studio 2013\Projects\easy\easy\easy.vcxproj”(Build 个目标)的操作。

生成成功。

已用时间 00:00:01.27
